<?xml version="1.0" encoding="UTF-8"?>
<!-- Generated by org.testng.reporters.JUnitReportReporter -->
<testsuite hostname="LAPTOP-77DH91A2" failures="0" tests="1" name="CreatingLogs" time="0.011" errors="0" timestamp="2023-07-14T13:41:21 BST" skipped="0">
  <testcase classname="CreatingLogs" name="logsGeneration" time="0.011"/>
  <system-out/>
</testsuite> <!-- CreatingLogs -->
